<?xml version="1.0" encoding="UTF-8" ?>
<testsuite failures="0" time="0.003" errors="1" skipped="0" tests="1" name="medizin.client.selenium.CreateAndDeleteQuestionTest">
  <properties>
    <property name="java.runtime.name" value="Java(TM) SE Runtime Environment"/>
    <property name="sun.boot.library.path" value="/usr/java/jdk1.6.0_23/jre/lib/amd64"/>
    <property name="java.vm.version" value="19.0-b09"/>
    <property name="java.vm.vendor" value="Sun Microsystems Inc."/>
    <property name="java.vendor.url" value="http://java.sun.com/"/>
    <property name="path.separator" value=":"/>
    <property name="java.vm.name" value="Java HotSpot(TM) 64-Bit Server VM"/>
    <property name="file.encoding.pkg" value="sun.io"/>
    <property name="user.country" value="US"/>
    <property name="sun.java.launcher" value="SUN_STANDARD"/>
    <property name="sun.os.patch.level" value="unknown"/>
    <property name="java.vm.specification.name" value="Java Virtual Machine Specification"/>
    <property name="user.dir" value="/home/nikotsunami/Documents/workspace/McApp2_6/MCApp"/>
    <property name="java.runtime.version" value="1.6.0_23-b05"/>
    <property name="java.awt.graphicsenv" value="sun.awt.X11GraphicsEnvironment"/>
    <property name="basedir" value="/home/nikotsunami/Documents/workspace/McApp2_6/MCApp"/>
    <property name="java.endorsed.dirs" value="/usr/java/jdk1.6.0_23/jre/lib/endorsed"/>
    <property name="os.arch" value="amd64"/>
    <property name="surefire.real.class.path" value="/tmp/surefirebooter8323288134128663399.jar"/>
    <property name="java.io.tmpdir" value="/tmp"/>
    <property name="line.separator" value="
"/>
    <property name="java.vm.specification.vendor" value="Sun Microsystems Inc."/>
    <property name="os.name" value="Linux"/>
    <property name="sun.jnu.encoding" value="UTF-8"/>
    <property name="java.library.path" value="/usr/java/jdk1.6.0_23/jre/lib/amd64/server:/usr/java/jdk1.6.0_23/jre/lib/amd64:/usr/java/jdk1.6.0_23/jre/../lib/amd64:/usr/java/packages/lib/amd64:/usr/lib64:/lib64:/lib:/usr/lib"/>
    <property name="surefire.test.class.path" value="/home/nikotsunami/Documents/workspace/McApp2_6/MCApp/target/test-classes:/home/nikotsunami/Documents/workspace/McApp2_6/MCApp/target/MCApp2-0.1.0.BUILD-SNAPSHOT/WEB-INF/classes:/home/nikotsunami/.m2/repository/org/seleniumhq/selenium/client-drivers/selenium-java-client-driver/1.0.1/selenium-java-client-driver-1.0.1.jar:/home/nikotsunami/.m2/repository/junit/junit/4.8.2/junit-4.8.2.jar:/home/nikotsunami/.m2/repository/log4j/log4j/1.2.16/log4j-1.2.16.jar:/home/nikotsunami/.m2/repository/org/slf4j/slf4j-api/1.6.1/slf4j-api-1.6.1.jar:/home/nikotsunami/.m2/repository/org/slf4j/jcl-over-slf4j/1.6.1/jcl-over-slf4j-1.6.1.jar:/home/nikotsunami/.m2/repository/org/slf4j/slf4j-log4j12/1.6.1/slf4j-log4j12-1.6.1.jar:/home/nikotsunami/.m2/repository/org/aspectj/aspectjrt/1.6.11.M1/aspectjrt-1.6.11.M1.jar:/home/nikotsunami/.m2/repository/org/aspectj/aspectjweaver/1.6.11.M1/aspectjweaver-1.6.11.M1.jar:/home/nikotsunami/.m2/repository/javax/servlet/servlet-api/2.5/servlet-api-2.5.jar:/home/nikotsunami/.m2/repository/net/sf/flexjson/flexjson/2.1/flexjson-2.1.jar:/home/nikotsunami/.m2/repository/org/springframework/roo/org.springframework.roo.annotations/1.1.3.RELEASE/org.springframework.roo.annotations-1.1.3.RELEASE.jar:/home/nikotsunami/.m2/repository/org/springframework/spring-core/3.0.5.RELEASE/spring-core-3.0.5.RELEASE.jar:/home/nikotsunami/.m2/repository/org/springframework/spring-asm/3.0.5.RELEASE/spring-asm-3.0.5.RELEASE.jar:/home/nikotsunami/.m2/repository/org/springframework/spring-test/3.0.5.RELEASE/spring-test-3.0.5.RELEASE.jar:/home/nikotsunami/.m2/repository/org/springframework/spring-context/3.0.5.RELEASE/spring-context-3.0.5.RELEASE.jar:/home/nikotsunami/.m2/repository/org/springframework/spring-aop/3.0.5.RELEASE/spring-aop-3.0.5.RELEASE.jar:/home/nikotsunami/.m2/repository/aopalliance/aopalliance/1.0/aopalliance-1.0.jar:/home/nikotsunami/.m2/repository/org/springframework/spring-beans/3.0.5.RELEASE/spring-beans-3.0.5.RELEASE.jar:/home/nikotsunami/.m2/repository/org/springframework/spring-expression/3.0.5.RELEASE/spring-expression-3.0.5.RELEASE.jar:/home/nikotsunami/.m2/repository/org/springframework/spring-aspects/3.0.5.RELEASE/spring-aspects-3.0.5.RELEASE.jar:/home/nikotsunami/.m2/repository/org/springframework/spring-context-support/3.0.5.RELEASE/spring-context-support-3.0.5.RELEASE.jar:/home/nikotsunami/.m2/repository/org/springframework/spring-tx/3.0.5.RELEASE/spring-tx-3.0.5.RELEASE.jar:/home/nikotsunami/.m2/repository/mysql/mysql-connector-java/5.1.13/mysql-connector-java-5.1.13.jar:/home/nikotsunami/Documents/workspace/McApp2_6/MCApp/lib/gwt-log-3.1.0.jar:/home/nikotsunami/.m2/repository/com/google/code/gwt-dnd/gwt-dnd/3.0.1/gwt-dnd-3.0.1.jar:/home/nikotsunami/.m2/repository/org/hibernate/hibernate-core/3.6.1.Final/hibernate-core-3.6.1.Final.jar:/home/nikotsunami/.m2/repository/antlr/antlr/2.7.6/antlr-2.7.6.jar:/home/nikotsunami/.m2/repository/commons-collections/commons-collections/3.1/commons-collections-3.1.jar:/home/nikotsunami/.m2/repository/dom4j/dom4j/1.6.1/dom4j-1.6.1.jar:/home/nikotsunami/.m2/repository/org/hibernate/hibernate-commons-annotations/3.2.0.Final/hibernate-commons-annotations-3.2.0.Final.jar:/home/nikotsunami/.m2/repository/org/hibernate/javax/persistence/hibernate-jpa-2.0-api/1.0.0.Final/hibernate-jpa-2.0-api-1.0.0.Final.jar:/home/nikotsunami/.m2/repository/javax/transaction/jta/1.1/jta-1.1.jar:/home/nikotsunami/.m2/repository/org/hibernate/hibernate-entitymanager/3.6.1.Final/hibernate-entitymanager-3.6.1.Final.jar:/home/nikotsunami/.m2/repository/javassist/javassist/3.12.0.GA/javassist-3.12.0.GA.jar:/home/nikotsunami/.m2/repository/org/hibernate/hibernate-validator/4.1.0.Final/hibernate-validator-4.1.0.Final.jar:/home/nikotsunami/.m2/repository/javax/validation/validation-api/1.0.0.GA/validation-api-1.0.0.GA.jar:/home/nikotsunami/.m2/repository/cglib/cglib-nodep/2.2/cglib-nodep-2.2.jar:/home/nikotsunami/.m2/repository/org/springframework/spring-jdbc/3.0.5.RELEASE/spring-jdbc-3.0.5.RELEASE.jar:/home/nikotsunami/.m2/repository/org/springframework/spring-orm/3.0.5.RELEASE/spring-orm-3.0.5.RELEASE.jar:/home/nikotsunami/.m2/repository/commons-pool/commons-pool/1.5.4/commons-pool-1.5.4.jar:/home/nikotsunami/.m2/repository/commons-dbcp/commons-dbcp/1.3/commons-dbcp-1.3.jar:/home/nikotsunami/.m2/repository/org/springframework/spring-web/3.0.5.RELEASE/spring-web-3.0.5.RELEASE.jar:/home/nikotsunami/.m2/repository/org/springframework/spring-webmvc/3.0.5.RELEASE/spring-webmvc-3.0.5.RELEASE.jar:/home/nikotsunami/.m2/repository/org/springframework/webflow/spring-js-resources/2.2.1.RELEASE/spring-js-resources-2.2.1.RELEASE.jar:/home/nikotsunami/.m2/repository/commons-digester/commons-digester/2.0/commons-digester-2.0.jar:/home/nikotsunami/.m2/repository/commons-beanutils/commons-beanutils/1.8.0/commons-beanutils-1.8.0.jar:/home/nikotsunami/.m2/repository/commons-fileupload/commons-fileupload/1.2.1/commons-fileupload-1.2.1.jar:/home/nikotsunami/.m2/repository/javax/servlet/jstl/1.2/jstl-1.2.jar:/home/nikotsunami/.m2/repository/javax/el/el-api/1.0/el-api-1.0.jar:/home/nikotsunami/.m2/repository/joda-time/joda-time/1.6/joda-time-1.6.jar:/home/nikotsunami/.m2/repository/javax/servlet/jsp/jsp-api/2.1/jsp-api-2.1.jar:/home/nikotsunami/.m2/repository/com/google/gwt/gwt-servlet/2.2.0/gwt-servlet-2.2.0.jar:/home/nikotsunami/.m2/repository/com/google/gwt/gwt-user/2.2.0/gwt-user-2.2.0.jar:/home/nikotsunami/.m2/repository/org/json/json/20090211/json-20090211.jar:/home/nikotsunami/.m2/repository/com/googlecode/gwt/inject/gin/1.5/gin-1.5.jar:/home/nikotsunami/.m2/repository/com/google/inject/guice/3.0-rc2/guice-3.0-rc2.jar:/home/nikotsunami/.m2/repository/javax/inject/javax.inject/1/javax.inject-1.jar:/home/nikotsunami/.m2/repository/com/google/inject/extensions/guice-assistedinject/3.0-rc2/guice-assistedinject-3.0-rc2.jar:/home/nikotsunami/.m2/repository/xalan/xalan/2.7.1/xalan-2.7.1.jar:/home/nikotsunami/.m2/repository/xalan/serializer/2.7.1/serializer-2.7.1.jar:/home/nikotsunami/.m2/repository/xml-apis/xml-apis/1.3.04/xml-apis-1.3.04.jar:"/>
    <property name="java.specification.name" value="Java Platform API Specification"/>
    <property name="java.class.version" value="50.0"/>
    <property name="sun.management.compiler" value="HotSpot 64-Bit Server Compiler"/>
    <property name="os.version" value="2.6.35.11-83.fc14.x86_64"/>
    <property name="user.home" value="/home/nikotsunami"/>
    <property name="user.timezone" value=""/>
    <property name="java.awt.printerjob" value="sun.print.PSPrinterJob"/>
    <property name="file.encoding" value="UTF-8"/>
    <property name="java.specification.version" value="1.6"/>
    <property name="user.name" value="nikotsunami"/>
    <property name="java.class.path" value="/home/nikotsunami/Documents/workspace/McApp2_6/MCApp/target/test-classes:/home/nikotsunami/Documents/workspace/McApp2_6/MCApp/target/MCApp2-0.1.0.BUILD-SNAPSHOT/WEB-INF/classes:/home/nikotsunami/.m2/repository/org/seleniumhq/selenium/client-drivers/selenium-java-client-driver/1.0.1/selenium-java-client-driver-1.0.1.jar:/home/nikotsunami/.m2/repository/junit/junit/4.8.2/junit-4.8.2.jar:/home/nikotsunami/.m2/repository/log4j/log4j/1.2.16/log4j-1.2.16.jar:/home/nikotsunami/.m2/repository/org/slf4j/slf4j-api/1.6.1/slf4j-api-1.6.1.jar:/home/nikotsunami/.m2/repository/org/slf4j/jcl-over-slf4j/1.6.1/jcl-over-slf4j-1.6.1.jar:/home/nikotsunami/.m2/repository/org/slf4j/slf4j-log4j12/1.6.1/slf4j-log4j12-1.6.1.jar:/home/nikotsunami/.m2/repository/org/aspectj/aspectjrt/1.6.11.M1/aspectjrt-1.6.11.M1.jar:/home/nikotsunami/.m2/repository/org/aspectj/aspectjweaver/1.6.11.M1/aspectjweaver-1.6.11.M1.jar:/home/nikotsunami/.m2/repository/javax/servlet/servlet-api/2.5/servlet-api-2.5.jar:/home/nikotsunami/.m2/repository/net/sf/flexjson/flexjson/2.1/flexjson-2.1.jar:/home/nikotsunami/.m2/repository/org/springframework/roo/org.springframework.roo.annotations/1.1.3.RELEASE/org.springframework.roo.annotations-1.1.3.RELEASE.jar:/home/nikotsunami/.m2/repository/org/springframework/spring-core/3.0.5.RELEASE/spring-core-3.0.5.RELEASE.jar:/home/nikotsunami/.m2/repository/org/springframework/spring-asm/3.0.5.RELEASE/spring-asm-3.0.5.RELEASE.jar:/home/nikotsunami/.m2/repository/org/springframework/spring-test/3.0.5.RELEASE/spring-test-3.0.5.RELEASE.jar:/home/nikotsunami/.m2/repository/org/springframework/spring-context/3.0.5.RELEASE/spring-context-3.0.5.RELEASE.jar:/home/nikotsunami/.m2/repository/org/springframework/spring-aop/3.0.5.RELEASE/spring-aop-3.0.5.RELEASE.jar:/home/nikotsunami/.m2/repository/aopalliance/aopalliance/1.0/aopalliance-1.0.jar:/home/nikotsunami/.m2/repository/org/springframework/spring-beans/3.0.5.RELEASE/spring-beans-3.0.5.RELEASE.jar:/home/nikotsunami/.m2/repository/org/springframework/spring-expression/3.0.5.RELEASE/spring-expression-3.0.5.RELEASE.jar:/home/nikotsunami/.m2/repository/org/springframework/spring-aspects/3.0.5.RELEASE/spring-aspects-3.0.5.RELEASE.jar:/home/nikotsunami/.m2/repository/org/springframework/spring-context-support/3.0.5.RELEASE/spring-context-support-3.0.5.RELEASE.jar:/home/nikotsunami/.m2/repository/org/springframework/spring-tx/3.0.5.RELEASE/spring-tx-3.0.5.RELEASE.jar:/home/nikotsunami/.m2/repository/mysql/mysql-connector-java/5.1.13/mysql-connector-java-5.1.13.jar:/home/nikotsunami/Documents/workspace/McApp2_6/MCApp/lib/gwt-log-3.1.0.jar:/home/nikotsunami/.m2/repository/com/google/code/gwt-dnd/gwt-dnd/3.0.1/gwt-dnd-3.0.1.jar:/home/nikotsunami/.m2/repository/org/hibernate/hibernate-core/3.6.1.Final/hibernate-core-3.6.1.Final.jar:/home/nikotsunami/.m2/repository/antlr/antlr/2.7.6/antlr-2.7.6.jar:/home/nikotsunami/.m2/repository/commons-collections/commons-collections/3.1/commons-collections-3.1.jar:/home/nikotsunami/.m2/repository/dom4j/dom4j/1.6.1/dom4j-1.6.1.jar:/home/nikotsunami/.m2/repository/org/hibernate/hibernate-commons-annotations/3.2.0.Final/hibernate-commons-annotations-3.2.0.Final.jar:/home/nikotsunami/.m2/repository/org/hibernate/javax/persistence/hibernate-jpa-2.0-api/1.0.0.Final/hibernate-jpa-2.0-api-1.0.0.Final.jar:/home/nikotsunami/.m2/repository/javax/transaction/jta/1.1/jta-1.1.jar:/home/nikotsunami/.m2/repository/org/hibernate/hibernate-entitymanager/3.6.1.Final/hibernate-entitymanager-3.6.1.Final.jar:/home/nikotsunami/.m2/repository/javassist/javassist/3.12.0.GA/javassist-3.12.0.GA.jar:/home/nikotsunami/.m2/repository/org/hibernate/hibernate-validator/4.1.0.Final/hibernate-validator-4.1.0.Final.jar:/home/nikotsunami/.m2/repository/javax/validation/validation-api/1.0.0.GA/validation-api-1.0.0.GA.jar:/home/nikotsunami/.m2/repository/cglib/cglib-nodep/2.2/cglib-nodep-2.2.jar:/home/nikotsunami/.m2/repository/org/springframework/spring-jdbc/3.0.5.RELEASE/spring-jdbc-3.0.5.RELEASE.jar:/home/nikotsunami/.m2/repository/org/springframework/spring-orm/3.0.5.RELEASE/spring-orm-3.0.5.RELEASE.jar:/home/nikotsunami/.m2/repository/commons-pool/commons-pool/1.5.4/commons-pool-1.5.4.jar:/home/nikotsunami/.m2/repository/commons-dbcp/commons-dbcp/1.3/commons-dbcp-1.3.jar:/home/nikotsunami/.m2/repository/org/springframework/spring-web/3.0.5.RELEASE/spring-web-3.0.5.RELEASE.jar:/home/nikotsunami/.m2/repository/org/springframework/spring-webmvc/3.0.5.RELEASE/spring-webmvc-3.0.5.RELEASE.jar:/home/nikotsunami/.m2/repository/org/springframework/webflow/spring-js-resources/2.2.1.RELEASE/spring-js-resources-2.2.1.RELEASE.jar:/home/nikotsunami/.m2/repository/commons-digester/commons-digester/2.0/commons-digester-2.0.jar:/home/nikotsunami/.m2/repository/commons-beanutils/commons-beanutils/1.8.0/commons-beanutils-1.8.0.jar:/home/nikotsunami/.m2/repository/commons-fileupload/commons-fileupload/1.2.1/commons-fileupload-1.2.1.jar:/home/nikotsunami/.m2/repository/javax/servlet/jstl/1.2/jstl-1.2.jar:/home/nikotsunami/.m2/repository/javax/el/el-api/1.0/el-api-1.0.jar:/home/nikotsunami/.m2/repository/joda-time/joda-time/1.6/joda-time-1.6.jar:/home/nikotsunami/.m2/repository/javax/servlet/jsp/jsp-api/2.1/jsp-api-2.1.jar:/home/nikotsunami/.m2/repository/com/google/gwt/gwt-servlet/2.2.0/gwt-servlet-2.2.0.jar:/home/nikotsunami/.m2/repository/com/google/gwt/gwt-user/2.2.0/gwt-user-2.2.0.jar:/home/nikotsunami/.m2/repository/org/json/json/20090211/json-20090211.jar:/home/nikotsunami/.m2/repository/com/googlecode/gwt/inject/gin/1.5/gin-1.5.jar:/home/nikotsunami/.m2/repository/com/google/inject/guice/3.0-rc2/guice-3.0-rc2.jar:/home/nikotsunami/.m2/repository/javax/inject/javax.inject/1/javax.inject-1.jar:/home/nikotsunami/.m2/repository/com/google/inject/extensions/guice-assistedinject/3.0-rc2/guice-assistedinject-3.0-rc2.jar:/home/nikotsunami/.m2/repository/xalan/xalan/2.7.1/xalan-2.7.1.jar:/home/nikotsunami/.m2/repository/xalan/serializer/2.7.1/serializer-2.7.1.jar:/home/nikotsunami/.m2/repository/xml-apis/xml-apis/1.3.04/xml-apis-1.3.04.jar:"/>
    <property name="java.vm.specification.version" value="1.0"/>
    <property name="sun.arch.data.model" value="64"/>
    <property name="java.home" value="/usr/java/jdk1.6.0_23/jre"/>
    <property name="java.specification.vendor" value="Sun Microsystems Inc."/>
    <property name="user.language" value="en"/>
    <property name="java.vm.info" value="mixed mode"/>
    <property name="java.version" value="1.6.0_23"/>
    <property name="java.ext.dirs" value="/usr/java/jdk1.6.0_23/jre/lib/ext:/usr/java/packages/lib/ext"/>
    <property name="sun.boot.class.path" value="/usr/java/jdk1.6.0_23/jre/lib/resources.jar:/usr/java/jdk1.6.0_23/jre/lib/rt.jar:/usr/java/jdk1.6.0_23/jre/lib/sunrsasign.jar:/usr/java/jdk1.6.0_23/jre/lib/jsse.jar:/usr/java/jdk1.6.0_23/jre/lib/jce.jar:/usr/java/jdk1.6.0_23/jre/lib/charsets.jar:/usr/java/jdk1.6.0_23/jre/lib/modules/jdk.boot.jar:/usr/java/jdk1.6.0_23/jre/classes"/>
    <property name="java.vendor" value="Sun Microsystems Inc."/>
    <property name="localRepository" value="/home/nikotsunami/.m2/repository"/>
    <property name="file.separator" value="/"/>
    <property name="java.vendor.url.bug" value="http://java.sun.com/cgi-bin/bugreport.cgi"/>
    <property name="sun.cpu.endian" value="little"/>
    <property name="sun.io.unicode.encoding" value="UnicodeLittle"/>
    <property name="sun.desktop" value="gnome"/>
    <property name="sun.cpu.isalist" value=""/>
  </properties>
  <testcase time="0" classname="medizin.client.selenium.CreateAndDeleteQuestionTest" name="testCreateAndDeleteQuestion">
    <error message="Could not contact Selenium Server; have you started it on &apos;localhost:4444&apos; ?
Read more at http://seleniumhq.org/projects/remote-control/not-started.html
Connection refused" type="java.lang.RuntimeException">java.lang.RuntimeException: Could not contact Selenium Server; have you started it on &apos;localhost:4444&apos; ?
Read more at http://seleniumhq.org/projects/remote-control/not-started.html
Connection refused
	at com.thoughtworks.selenium.DefaultSelenium.start(DefaultSelenium.java:86)
	at medizin.client.selenium.CreateAndDeleteQuestionTest.setUp(CreateAndDeleteQuestionTest.java:17)
	at junit.framework.TestCase.runBare(TestCase.java:132)
	at com.thoughtworks.selenium.SeleneseTestCase.runBare(SeleneseTestCase.java:212)
	at junit.framework.TestResult$1.protect(TestResult.java:110)
	at junit.framework.TestResult.runProtected(TestResult.java:128)
	at junit.framework.TestResult.run(TestResult.java:113)
	at junit.framework.TestCase.run(TestCase.java:124)
	at junit.framework.TestSuite.runTest(TestSuite.java:243)
	at junit.framework.TestSuite.run(TestSuite.java:238)
	at org.junit.internal.runners.JUnit38ClassRunner.run(JUnit38ClassRunner.java:83)
	at org.apache.maven.surefire.junit4.JUnit4TestSet.execute(JUnit4TestSet.java:59)
	at org.apache.maven.surefire.suite.AbstractDirectoryTestSuite.executeTestSet(AbstractDirectoryTestSuite.java:115)
	at org.apache.maven.surefire.suite.AbstractDirectoryTestSuite.execute(AbstractDirectoryTestSuite.java:102)
	at org.apache.maven.surefire.Surefire.run(Surefire.java:180)
	at sun.reflect.NativeMethodAccessorImpl.invoke0(Native Method)
	at sun.reflect.NativeMethodAccessorImpl.invoke(NativeMethodAccessorImpl.java:39)
	at sun.reflect.DelegatingMethodAccessorImpl.invoke(DelegatingMethodAccessorImpl.java:25)
	at java.lang.reflect.Method.invoke(Method.java:597)
	at org.apache.maven.surefire.booter.SurefireBooter.runSuitesInProcess(SurefireBooter.java:350)
	at org.apache.maven.surefire.booter.SurefireBooter.main(SurefireBooter.java:1021)
</error>
  </testcase>
</testsuite>